Using pre-set license
Built from '2022.3/staging' branch; Version is '2022.3.44f1 (c3ae09b9f03c) revision 12824073'; Using compiler version '192829333'; Build Type 'Release'
OS: 'Windows 11  (10.0.22631) 64bit Core' Language: 'ko' Physical Memory: 15943 MB
BatchMode: 1, IsHumanControllingUs: 0, StartBugReporterOnCrash: 0, Is64bit: 1, IsPro: 1

COMMAND LINE ARGUMENTS:
C:\Users\wjlee\OneDrive\Î∞îÌÉï ÌôîÎ©¥\unity\2022.3.26f1\2022.3.44f1\Editor\Unity.exe
-adb2
-batchMode
-noUpm
-name
AssetImportWorker2
-projectPath
C:/Users/wjlee/Unity project/3DÏΩòÌÖêÏ∏†1105
-logFile
Logs/AssetImportWorker2.log
-srvPort
63894
Successfully changed project path to: C:/Users/wjlee/Unity project/3DÏΩòÌÖêÏ∏†1105
C:/Users/wjlee/Unity project/3DÏΩòÌÖêÏ∏†1105
[UnityMemory] Configuration Parameters - Can be set up in boot.config
    "memorysetup-bucket-allocator-granularity=16"
    "memorysetup-bucket-allocator-bucket-count=8"
    "memorysetup-bucket-allocator-block-size=33554432"
    "memorysetup-bucket-allocator-block-count=8"
    "memorysetup-main-allocator-block-size=16777216"
    "memorysetup-thread-allocator-block-size=16777216"
    "memorysetup-gfx-main-allocator-block-size=16777216"
    "memorysetup-gfx-thread-allocator-block-size=16777216"
    "memorysetup-cache-allocator-block-size=4194304"
    "memorysetup-typetree-allocator-block-size=2097152"
    "memorysetup-profiler-bucket-allocator-granularity=16"
    "memorysetup-profiler-bucket-allocator-bucket-count=8"
    "memorysetup-profiler-bucket-allocator-block-size=33554432"
    "memorysetup-profiler-bucket-allocator-block-count=8"
    "memorysetup-profiler-allocator-block-size=16777216"
    "memorysetup-profiler-editor-allocator-block-size=1048576"
    "memorysetup-temp-allocator-size-main=16777216"
    "memorysetup-job-temp-allocator-block-size=2097152"
    "memorysetup-job-temp-allocator-block-size-background=1048576"
    "memorysetup-job-temp-allocator-reduction-small-platforms=262144"
    "memorysetup-allocator-temp-initial-block-size-main=262144"
    "memorysetup-allocator-temp-initial-block-size-worker=262144"
    "memorysetup-temp-allocator-size-background-worker=32768"
    "memorysetup-temp-allocator-size-job-worker=262144"
    "memorysetup-temp-allocator-size-preload-manager=33554432"
    "memorysetup-temp-allocator-size-nav-mesh-worker=65536"
    "memorysetup-temp-allocator-size-audio-worker=65536"
    "memorysetup-temp-allocator-size-cloud-worker=32768"
    "memorysetup-temp-allocator-size-gi-baking-worker=262144"
    "memorysetup-temp-allocator-size-gfx=262144"
Player connection [23108]  Target information:

Player connection [23108]  * "[IP] 192.168.56.1 [Port] 0 [Flags] 2 [Guid] 3557071997 [EditorId] 3557071997 [Version] 1048832 [Id] WindowsEditor(7,BOOK-LC3DLF2JIB) [Debug] 1 [PackageName] WindowsEditor [ProjectName] Editor" 

Player connection [23108]  * "[IP] 10.121.155.78 [Port] 0 [Flags] 2 [Guid] 3557071997 [EditorId] 3557071997 [Version] 1048832 [Id] WindowsEditor(7,BOOK-LC3DLF2JIB) [Debug] 1 [PackageName] WindowsEditor [ProjectName] Editor" 

Player connection [23108] Host joined multi-casting on [225.0.0.222:54997]...
Player connection [23108] Host joined alternative multi-casting on [225.0.0.222:34997]...
[PhysX] Initialized MultithreadedTaskDispatcher with 16 workers.
Refreshing native plugins compatible for Editor in 16.41 ms, found 3 plugins.
Preloading 0 native plugins for Editor in 0.00 ms.
Initialize engine version: 2022.3.44f1 (c3ae09b9f03c)
[Subsystems] Discovering subsystems at path C:/Users/wjlee/OneDrive/Î∞îÌÉï ÌôîÎ©¥/unity/2022.3.26f1/2022.3.44f1/Editor/Data/Resources/UnitySubsystems
[Subsystems] Discovering subsystems at path C:/Users/wjlee/Unity project/3DÏΩòÌÖêÏ∏†1105/Assets
GfxDevice: creating device client; threaded=0; jobified=0
Direct3D:
    Version:  Direct3D 11.0 [level 11.1]
    Renderer: Intel(R) Iris(R) Xe Graphics (ID=0xa7a0)
    Vendor:   Intel
    VRAM:     7971 MB
    Driver:   31.0.101.4314
Initialize mono
Mono path[0] = 'C:/Users/wjlee/OneDrive/Î∞îÌÉï ÌôîÎ©¥/unity/2022.3.26f1/2022.3.44f1/Editor/Data/Managed'
Mono path[1] = 'C:/Users/wjlee/OneDrive/Î∞îÌÉï ÌôîÎ©¥/unity/2022.3.26f1/2022.3.44f1/Editor/Data/MonoBleedingEdge/lib/mono/unityjit-win32'
Mono config path = 'C:/Users/wjlee/OneDrive/Î∞îÌÉï ÌôîÎ©¥/unity/2022.3.26f1/2022.3.44f1/Editor/Data/MonoBleedingEdge/etc'
Using monoOptions --debugger-agent=transport=dt_socket,embedding=1,server=y,suspend=n,address=127.0.0.1:56076
Begin MonoManager ReloadAssembly
Registering precompiled unity dll's ...
Register platform support module: C:/Users/wjlee/OneDrive/Î∞îÌÉï ÌôîÎ©¥/unity/2022.3.26f1/2022.3.44f1/Editor/Data/PlaybackEngines/WindowsStandaloneSupport/UnityEditor.WindowsStandalone.Extensions.dll
Registered in 0.013302 seconds.
- Loaded All Assemblies, in  0.345 seconds
Native extension for WindowsStandalone target not found
Mono: successfully reloaded assembly
- Finished resetting the current domain, in  0.226 seconds
Domain Reload Profiling: 569ms
	BeginReloadAssembly (114ms)
		ExecutionOrderSort (0ms)
		DisableScriptedObjects (0ms)
		BackupInstance (0ms)
		ReleaseScriptingObjects (0ms)
		CreateAndSetChildDomain (1ms)
	RebuildCommonClasses (32ms)
	RebuildNativeTypeToScriptingClass (9ms)
	initialDomainReloadingComplete (64ms)
	LoadAllAssembliesAndSetupDomain (124ms)
		LoadAssemblies (111ms)
		RebuildTransferFunctionScriptingTraits (0ms)
		AnalyzeDomain (122ms)
			TypeCache.Refresh (120ms)
				TypeCache.ScanAssembly (107ms)
			ScanForSourceGeneratedMonoScriptInfo (0ms)
			ResolveRequiredComponents (0ms)
	FinalizeReload (227ms)
		ReleaseScriptCaches (0ms)
		RebuildScriptCaches (0ms)
		SetupLoadedEditorAssemblies (185ms)
			LogAssemblyErrors (0ms)
			InitializePlatformSupportModulesInManaged (11ms)
			SetLoadedEditorAssemblies (7ms)
			RefreshPlugins (0ms)
			BeforeProcessingInitializeOnLoad (1ms)
			ProcessInitializeOnLoadAttributes (118ms)
			ProcessInitializeOnLoadMethodAttributes (47ms)
			AfterProcessingInitializeOnLoad (0ms)
			EditorAssembliesLoaded (0ms)
		ExecutionOrderSort2 (0ms)
		AwakeInstancesAfterBackupRestoration (0ms)
========================================================================
Worker process is ready to serve import requests
Caller must complete domain reload
Begin MonoManager ReloadAssembly
- Loaded All Assemblies, in  0.627 seconds
Native extension for WindowsStandalone target not found
[ScriptCompilation] NOT recompiling all scripts because this is an import worker process. Reason to compile was: Define symbols changed
System.ArgumentException: There is no a valid NamedBuildTarget for BuildTargetGroup 'PSM'
  at UnityEditor.Build.NamedBuildTarget.FromBuildTargetGroup (UnityEditor.BuildTargetGroup buildTargetGroup) [0x00159] in <50e19b0ed93a4256b2e454b4acec2d48>:0 
  at UnityEditor.PlayerSettings.GetScriptingDefineSymbolsForGroup (UnityEditor.BuildTargetGroup targetGroup) [0x00000] in <50e19b0ed93a4256b2e454b4acec2d48>:0 
  at UnityStandardAssets.CrossPlatformInput.Inspector.CrossPlatformInitialize.GetDefinesList (UnityEditor.BuildTargetGroup group) [0x00000] in C:\Users\wjlee\Unity project\3DÏΩòÌÖêÏ∏†1105\Assets\Standard Assets\Editor\CrossPlatformInput\CrossPlatformInputInitialize.cs:134 
  at UnityStandardAssets.CrossPlatformInput.Inspector.CrossPlatformInitialize.SetEnabled (System.String defineName, System.Boolean enable, System.Boolean mobile) [0x00018] in C:\Users\wjlee\Unity project\3DÏΩòÌÖêÏ∏†1105\Assets\Standard Assets\Editor\CrossPlatformInput\CrossPlatformInputInitialize.cs:106 
  at UnityStandardAssets.CrossPlatformInput.Inspector.CrossPlatformInitialize..cctor () [0x00050] in C:\Users\wjlee\Unity project\3DÏΩòÌÖêÏ∏†1105\Assets\Standard Assets\Editor\CrossPlatformInput\CrossPlatformInputInitialize.cs:22 
UnityEngine.StackTraceUtility:ExtractStackTrace ()
UnityEngine.DebugLogHandler:LogFormat (UnityEngine.LogType,UnityEngine.Object,string,object[])
UnityEngine.Logger:Log (UnityEngine.LogType,object)
UnityEngine.Debug:LogError (object)
UnityEditor.EditorAssemblies:ProcessInitializeOnLoadAttributes (System.Type[])

Package Manager log level set to [2]
[Package Manager] Server::EnsureServerProcessIsRunning -- launch failed, reason: Unity was launched with the -noUpm command-line argument
[Package Manager] UpmClient::Send -- Unable to send message (not connected to UPM process).
[Package Manager] Cannot connect to Unity Package Manager local server
Mono: successfully reloaded assembly
- Finished resetting the current domain, in  0.603 seconds
Domain Reload Profiling: 1227ms
	BeginReloadAssembly (156ms)
		ExecutionOrderSort (0ms)
		DisableScriptedObjects (4ms)
		BackupInstance (0ms)
		ReleaseScriptingObjects (0ms)
		CreateAndSetChildDomain (17ms)
	RebuildCommonClasses (26ms)
	RebuildNativeTypeToScriptingClass (8ms)
	initialDomainReloadingComplete (41ms)
	LoadAllAssembliesAndSetupDomain (392ms)
		LoadAssemblies (341ms)
		RebuildTransferFunctionScriptingTraits (0ms)
		AnalyzeDomain (149ms)
			TypeCache.Refresh (130ms)
				TypeCache.ScanAssembly (116ms)
			ScanForSourceGeneratedMonoScriptInfo (13ms)
			ResolveRequiredComponents (5ms)
	FinalizeReload (603ms)
		ReleaseScriptCaches (0ms)
		RebuildScriptCaches (0ms)
		SetupLoadedEditorAssemblies (461ms)
			LogAssemblyErrors (0ms)
			InitializePlatformSupportModulesInManaged (7ms)
			SetLoadedEditorAssemblies (2ms)
			RefreshPlugins (0ms)
			BeforeProcessingInitializeOnLoad (58ms)
			ProcessInitializeOnLoadAttributes (365ms)
			ProcessInitializeOnLoadMethodAttributes (16ms)
			AfterProcessingInitializeOnLoad (11ms)
			EditorAssembliesLoaded (0ms)
		ExecutionOrderSort2 (0ms)
		AwakeInstancesAfterBackupRestoration (14ms)
Launched and connected shader compiler UnityShaderCompiler.exe after 0.13 seconds
Refreshing native plugins compatible for Editor in 4.91 ms, found 3 plugins.
Preloading 0 native plugins for Editor in 0.00 ms.
Unloading 3216 Unused Serialized files (Serialized files now loaded: 0)
Unloading 21 unused Assets / (399.7 KB). Loaded Objects now: 3687.
Memory consumption went from 135.4 MB to 135.0 MB.
Total: 3.761100 ms (FindLiveObjects: 0.244100 ms CreateObjectMapping: 0.084700 ms MarkObjects: 3.183600 ms  DeleteObjects: 0.247500 ms)

AssetImportParameters requested are different than current active one (requested -> active):
  custom:container-demuxer-ogg: 62fdf1f143b41e24485cea50d1cbac27 -> 
  custom:video-codec-MediaFoundation-h265: 746d11721c4dcdbdad8f713fa42b33f4 -> 
  custom:video-decoder-ogg-theora: a1e56fd34408186e4bbccfd4996cb3dc -> 
  custom:framework-win-MediaFoundation: 216162199b28c13a410421893ffa2e32 -> 
  custom:CustomObjectIndexerAttribute: 9a22284fe3817be447336de3de66b15e -> 
  custom:container-demuxer-webm: 4f35f7cbe854078d1ac9338744f61a02 -> 
  custom:container-muxer-webm: aa71ff27fc2769a1b78a27578f13a17b -> 
  custom:video-decoder-webm-vp8: 9c59270c3fd7afecdb556c50c9e8de78 -> 
  custom:SearchIndexIgnoredProperties: e643bd26f0fe6173181afceb89e7c659 -> 
  custom:AudioImporter_EditorPlatform: d09bf68614088b80899f8185d706f6e7 -> 
  custom:video-encoder-webm-vp8: eb34c28f22e8b96e1ab97ce403110664 -> 
  custom:audio-decoder-ogg-vorbis: bf7c407c2cedff20999df2af8eb42d56 -> 
  custom:audio-encoder-webm-vorbis: bf7c407c2cedff20999df2af8eb42d56 -> 
========================================================================
Received Import Request.
  Time since last request: 1616069.390396 seconds.
  path: Assets/Standard Assets/2D
  artifactKey: Guid(27dbec7630294d64c9ab91261656cbd4) Importer(815301076,1909f56bfc062723c751e8b465ee728b)
Start importing Assets/Standard Assets/2D using Guid(27dbec7630294d64c9ab91261656cbd4) Importer(815301076,1909f56bfc062723c751e8b465ee728b) [PhysX] Initialized MultithreadedTaskDispatcher with 16 workers.
 -> (artifact id: '66538627475145a4e641a09877a91340') in 0.001946 seconds
Number of updated asset objects reloaded before import = 0
Number of asset objects unloaded after import = 0
========================================================================
Received Import Request.
  Time since last request: 10.675869 seconds.
  path: Assets/Standard Assets/Effects
  artifactKey: Guid(115d1f9d9bd29064ab981e57c8fc8cdf) Importer(815301076,1909f56bfc062723c751e8b465ee728b)
Start importing Assets/Standard Assets/Effects using Guid(115d1f9d9bd29064ab981e57c8fc8cdf) Importer(815301076,1909f56bfc062723c751e8b465ee728b) [PhysX] Initialized MultithreadedTaskDispatcher with 16 workers.
 -> (artifact id: '9babc915f5f7339a98190319b0ef8fed') in 0.001142 seconds
Number of updated asset objects reloaded before import = 0
Number of asset objects unloaded after import = 0
========================================================================
Received Import Request.
  Time since last request: 356.955739 seconds.
  path: Assets/Standard Assets/ParticleSystems
  artifactKey: Guid(d7ea5a218770df14895b81e3602e420f) Importer(815301076,1909f56bfc062723c751e8b465ee728b)
Start importing Assets/Standard Assets/ParticleSystems using Guid(d7ea5a218770df14895b81e3602e420f) Importer(815301076,1909f56bfc062723c751e8b465ee728b) [PhysX] Initialized MultithreadedTaskDispatcher with 16 workers.
 -> (artifact id: 'b1b638947308596add19abda564fa7c5') in 0.001025 seconds
Number of updated asset objects reloaded before import = 0
Number of asset objects unloaded after import = 0
========================================================================
Received Import Request.
  Time since last request: 87.558084 seconds.
  path: Assets/Rusty plane/Rusty plane.unity
  artifactKey: Guid(3a059e1218b8597498263f2a2b4a7fe8) Importer(815301076,1909f56bfc062723c751e8b465ee728b)
Start importing Assets/Rusty plane/Rusty plane.unity using Guid(3a059e1218b8597498263f2a2b4a7fe8) Importer(815301076,1909f56bfc062723c751e8b465ee728b) [PhysX] Initialized MultithreadedTaskDispatcher with 16 workers.
 -> (artifact id: '9a4ec7f7ff11c22cc974118cb05a661a') in 0.000887 seconds
Number of updated asset objects reloaded before import = 0
Number of asset objects unloaded after import = 0
========================================================================
Received Import Request.
  Time since last request: 11.450096 seconds.
  path: Assets/Scenes/SampleScene.unity
  artifactKey: Guid(9fc0d4010bbf28b4594072e72b8655ab) Importer(815301076,1909f56bfc062723c751e8b465ee728b)
Start importing Assets/Scenes/SampleScene.unity using Guid(9fc0d4010bbf28b4594072e72b8655ab) Importer(815301076,1909f56bfc062723c751e8b465ee728b) [PhysX] Initialized MultithreadedTaskDispatcher with 16 workers.
 -> (artifact id: 'c819d84eccc69cd57f73232dd929c66e') in 0.011254 seconds
Number of updated asset objects reloaded before import = 0
Number of asset objects unloaded after import = 0
========================================================================
Received Import Request.
  Time since last request: 1.814964 seconds.
  path: Assets/Rusty plane/Materials
  artifactKey: Guid(b78f7b0fa62eba445bc4c9a2452c7b02) Importer(815301076,1909f56bfc062723c751e8b465ee728b)
Start importing Assets/Rusty plane/Materials using Guid(b78f7b0fa62eba445bc4c9a2452c7b02) Importer(815301076,1909f56bfc062723c751e8b465ee728b) [PhysX] Initialized MultithreadedTaskDispatcher with 16 workers.
 -> (artifact id: '860246ec67f9211c8a219ba00166339f') in 0.000849 seconds
Number of updated asset objects reloaded before import = 0
Number of asset objects unloaded after import = 0
========================================================================
Received Import Request.
  Time since last request: 2.772416 seconds.
  path: Assets/Rusty plane/Prefabs
  artifactKey: Guid(00840ea07e103cb47945e6fa9c43f949) Importer(815301076,1909f56bfc062723c751e8b465ee728b)
Start importing Assets/Rusty plane/Prefabs using Guid(00840ea07e103cb47945e6fa9c43f949) Importer(815301076,1909f56bfc062723c751e8b465ee728b) [PhysX] Initialized MultithreadedTaskDispatcher with 16 workers.
 -> (artifact id: '39a71a680628464292e58582f65fed38') in 0.000875 seconds
Number of updated asset objects reloaded before import = 0
Number of asset objects unloaded after import = 0
========================================================================
Received Import Request.
  Time since last request: 0.060338 seconds.
  path: Assets/Rusty plane/Prefabs/biplane.prefab
  artifactKey: Guid(ede375fa023cef64cbef944cb32947b5) Importer(815301076,1909f56bfc062723c751e8b465ee728b)
Start importing Assets/Rusty plane/Prefabs/biplane.prefab using Guid(ede375fa023cef64cbef944cb32947b5) Importer(815301076,1909f56bfc062723c751e8b465ee728b) [PhysX] Initialized MultithreadedTaskDispatcher with 16 workers.
[PhysX] Initialized MultithreadedTaskDispatcher with 16 workers.
 -> (artifact id: '22a2d5f05cab9d16ed4046a92f752908') in 0.455442 seconds
Number of updated asset objects reloaded before import = 0
Number of asset objects unloaded after import = 133
========================================================================
Received Import Request.
  Time since last request: 21.522983 seconds.
  path: Assets/Rusty plane/Materials/Rusty plane.mat
  artifactKey: Guid(c72b09fce10fb4f499f135da510347d4) Importer(815301076,1909f56bfc062723c751e8b465ee728b)
Start importing Assets/Rusty plane/Materials/Rusty plane.mat using Guid(c72b09fce10fb4f499f135da510347d4) Importer(815301076,1909f56bfc062723c751e8b465ee728b) [PhysX] Initialized MultithreadedTaskDispatcher with 16 workers.
[PhysX] Initialized MultithreadedTaskDispatcher with 16 workers.
 -> (artifact id: '1204e1fc28e4daba5176ceae53e1e35a') in 0.075284 seconds
Number of updated asset objects reloaded before import = 0
Number of asset objects unloaded after import = 4
========================================================================
Received Prepare
Caller must complete domain reload
Begin MonoManager ReloadAssembly
- Loaded All Assemblies, in  0.604 seconds
Native extension for WindowsStandalone target not found
[Package Manager] Server::EnsureServerProcessIsRunning -- launch failed, reason: Unity was launched with the -noUpm command-line argument
[Package Manager] UpmClient::Send -- Unable to send message (not connected to UPM process).
[Package Manager] Cannot connect to Unity Package Manager local server
Mono: successfully reloaded assembly
- Finished resetting the current domain, in  2.893 seconds
Domain Reload Profiling: 3491ms
	BeginReloadAssembly (178ms)
		ExecutionOrderSort (0ms)
		DisableScriptedObjects (3ms)
		BackupInstance (0ms)
		ReleaseScriptingObjects (0ms)
		CreateAndSetChildDomain (32ms)
	RebuildCommonClasses (31ms)
	RebuildNativeTypeToScriptingClass (10ms)
	initialDomainReloadingComplete (39ms)
	LoadAllAssembliesAndSetupDomain (339ms)
		LoadAssemblies (434ms)
		RebuildTransferFunctionScriptingTraits (0ms)
		AnalyzeDomain (14ms)
			TypeCache.Refresh (5ms)
				TypeCache.ScanAssembly (0ms)
			ScanForSourceGeneratedMonoScriptInfo (0ms)
			ResolveRequiredComponents (7ms)
	FinalizeReload (2894ms)
		ReleaseScriptCaches (0ms)
		RebuildScriptCaches (0ms)
		SetupLoadedEditorAssemblies (687ms)
			LogAssemblyErrors (0ms)
			InitializePlatformSupportModulesInManaged (15ms)
			SetLoadedEditorAssemblies (4ms)
			RefreshPlugins (0ms)
			BeforeProcessingInitializeOnLoad (94ms)
			ProcessInitializeOnLoadAttributes (509ms)
			ProcessInitializeOnLoadMethodAttributes (37ms)
			AfterProcessingInitializeOnLoad (27ms)
			EditorAssembliesLoaded (0ms)
		ExecutionOrderSort2 (0ms)
		AwakeInstancesAfterBackupRestoration (30ms)
Refreshing native plugins compatible for Editor in 10.39 ms, found 3 plugins.
Preloading 0 native plugins for Editor in 0.00 ms.
Unloading 3190 Unused Serialized files (Serialized files now loaded: 0)
Unloading 16 unused Assets / (339.5 KB). Loaded Objects now: 3732.
Memory consumption went from 135.2 MB to 134.8 MB.
Total: 4.822800 ms (FindLiveObjects: 0.291500 ms CreateObjectMapping: 0.149500 ms MarkObjects: 4.090200 ms  DeleteObjects: 0.289600 ms)

Prepare: number of updated asset objects reloaded= 0
AssetImportParameters requested are different than current active one (requested -> active):
  custom:container-demuxer-ogg: 62fdf1f143b41e24485cea50d1cbac27 -> 
  custom:video-codec-MediaFoundation-h265: 746d11721c4dcdbdad8f713fa42b33f4 -> 
  custom:video-decoder-ogg-theora: a1e56fd34408186e4bbccfd4996cb3dc -> 
  custom:framework-win-MediaFoundation: 216162199b28c13a410421893ffa2e32 -> 
  custom:CustomObjectIndexerAttribute: 9a22284fe3817be447336de3de66b15e -> 
  custom:container-demuxer-webm: 4f35f7cbe854078d1ac9338744f61a02 -> 
  custom:container-muxer-webm: aa71ff27fc2769a1b78a27578f13a17b -> 
  custom:video-decoder-webm-vp8: 9c59270c3fd7afecdb556c50c9e8de78 -> 
  custom:SearchIndexIgnoredProperties: e643bd26f0fe6173181afceb89e7c659 -> 
  custom:AudioImporter_EditorPlatform: d09bf68614088b80899f8185d706f6e7 -> 
  custom:video-encoder-webm-vp8: eb34c28f22e8b96e1ab97ce403110664 -> 
  custom:audio-decoder-ogg-vorbis: bf7c407c2cedff20999df2af8eb42d56 -> 
  custom:audio-encoder-webm-vorbis: bf7c407c2cedff20999df2af8eb42d56 -> 
========================================================================
Received Prepare
Caller must complete domain reload
Begin MonoManager ReloadAssembly
- Loaded All Assemblies, in  1.451 seconds
Native extension for WindowsStandalone target not found
[Package Manager] Server::EnsureServerProcessIsRunning -- launch failed, reason: Unity was launched with the -noUpm command-line argument
[Package Manager] UpmClient::Send -- Unable to send message (not connected to UPM process).
[Package Manager] Cannot connect to Unity Package Manager local server
Mono: successfully reloaded assembly
- Finished resetting the current domain, in 18.348 seconds
Domain Reload Profiling: 19783ms
	BeginReloadAssembly (335ms)
		ExecutionOrderSort (0ms)
		DisableScriptedObjects (6ms)
		BackupInstance (0ms)
		ReleaseScriptingObjects (0ms)
		CreateAndSetChildDomain (46ms)
	RebuildCommonClasses (85ms)
	RebuildNativeTypeToScriptingClass (24ms)
	initialDomainReloadingComplete (130ms)
	LoadAllAssembliesAndSetupDomain (859ms)
		LoadAssemblies (1044ms)
		RebuildTransferFunctionScriptingTraits (0ms)
		AnalyzeDomain (44ms)
			TypeCache.Refresh (16ms)
				TypeCache.ScanAssembly (0ms)
			ScanForSourceGeneratedMonoScriptInfo (0ms)
			ResolveRequiredComponents (23ms)
	FinalizeReload (18350ms)
		ReleaseScriptCaches (0ms)
		RebuildScriptCaches (0ms)
		SetupLoadedEditorAssemblies (7531ms)
			LogAssemblyErrors (0ms)
			InitializePlatformSupportModulesInManaged (58ms)
			SetLoadedEditorAssemblies (17ms)
			RefreshPlugins (0ms)
			BeforeProcessingInitializeOnLoad (1133ms)
			ProcessInitializeOnLoadAttributes (6149ms)
			ProcessInitializeOnLoadMethodAttributes (104ms)
			AfterProcessingInitializeOnLoad (68ms)
			EditorAssembliesLoaded (2ms)
		ExecutionOrderSort2 (0ms)
		AwakeInstancesAfterBackupRestoration (115ms)
Refreshing native plugins compatible for Editor in 32.45 ms, found 3 plugins.
Preloading 0 native plugins for Editor in 0.00 ms.
Unloading 3191 Unused Serialized files (Serialized files now loaded: 0)
Unloading 16 unused Assets / (371.5 KB). Loaded Objects now: 3735.
Memory consumption went from 135.4 MB to 135.1 MB.
Total: 52.472400 ms (FindLiveObjects: 0.876300 ms CreateObjectMapping: 5.970400 ms MarkObjects: 41.513900 ms  DeleteObjects: 4.107600 ms)

Prepare: number of updated asset objects reloaded= 0
AssetImportParameters requested are different than current active one (requested -> active):
  custom:container-demuxer-ogg: 62fdf1f143b41e24485cea50d1cbac27 -> 
  custom:video-codec-MediaFoundation-h265: 746d11721c4dcdbdad8f713fa42b33f4 -> 
  custom:video-decoder-ogg-theora: a1e56fd34408186e4bbccfd4996cb3dc -> 
  custom:framework-win-MediaFoundation: 216162199b28c13a410421893ffa2e32 -> 
  custom:CustomObjectIndexerAttribute: 9a22284fe3817be447336de3de66b15e -> 
  custom:container-demuxer-webm: 4f35f7cbe854078d1ac9338744f61a02 -> 
  custom:container-muxer-webm: aa71ff27fc2769a1b78a27578f13a17b -> 
  custom:video-decoder-webm-vp8: 9c59270c3fd7afecdb556c50c9e8de78 -> 
  custom:SearchIndexIgnoredProperties: e643bd26f0fe6173181afceb89e7c659 -> 
  custom:AudioImporter_EditorPlatform: d09bf68614088b80899f8185d706f6e7 -> 
  custom:video-encoder-webm-vp8: eb34c28f22e8b96e1ab97ce403110664 -> 
  custom:audio-decoder-ogg-vorbis: bf7c407c2cedff20999df2af8eb42d56 -> 
  custom:audio-encoder-webm-vorbis: bf7c407c2cedff20999df2af8eb42d56 -> 
========================================================================
Received Import Request.
  Time since last request: 157.575872 seconds.
  path: Assets/Standard Assets/ParticleSystems/Prefabs
  artifactKey: Guid(15135e86e52ab4b038dcbd61d7549e9f) Importer(815301076,1909f56bfc062723c751e8b465ee728b)
Start importing Assets/Standard Assets/ParticleSystems/Prefabs using Guid(15135e86e52ab4b038dcbd61d7549e9f) Importer(815301076,1909f56bfc062723c751e8b465ee728b) [PhysX] Initialized MultithreadedTaskDispatcher with 16 workers.
 -> (artifact id: '8bbbe6f11b2f3a20179db2d8ed0a202e') in 0.004857 seconds
Number of updated asset objects reloaded before import = 0
Number of asset objects unloaded after import = 0
========================================================================
Received Import Request.
  Time since last request: 1.134735 seconds.
  path: Assets/Standard Assets/ParticleSystems/Prefabs/Afterburner.prefab
  artifactKey: Guid(d8c41be67f41aa545ae053b0b927f821) Importer(815301076,1909f56bfc062723c751e8b465ee728b)
Start importing Assets/Standard Assets/ParticleSystems/Prefabs/Afterburner.prefab using Guid(d8c41be67f41aa545ae053b0b927f821) Importer(815301076,1909f56bfc062723c751e8b465ee728b) [PhysX] Initialized MultithreadedTaskDispatcher with 16 workers.
 -> (artifact id: '6f690075141d1aa5dd51c5a475e0f2f1') in 0.006959 seconds
Number of updated asset objects reloaded before import = 0
Number of asset objects unloaded after import = 0
========================================================================
Received Import Request.
  Time since last request: 0.002332 seconds.
  path: Assets/Standard Assets/ParticleSystems/Prefabs/DustStormMobile.prefab
  artifactKey: Guid(ed1c797ec3736704db03a0d64d010e33) Importer(815301076,1909f56bfc062723c751e8b465ee728b)
Start importing Assets/Standard Assets/ParticleSystems/Prefabs/DustStormMobile.prefab using Guid(ed1c797ec3736704db03a0d64d010e33) Importer(815301076,1909f56bfc062723c751e8b465ee728b) [PhysX] Initialized MultithreadedTaskDispatcher with 16 workers.
[PhysX] Initialized MultithreadedTaskDispatcher with 16 workers.
 -> (artifact id: '88f15bead71ed69f30802158e4744ecc') in 1.883273 seconds
Number of updated asset objects reloaded before import = 0
Number of asset objects unloaded after import = 8
========================================================================
Received Import Request.
  Time since last request: 0.000121 seconds.
  path: Assets/Standard Assets/ParticleSystems/Prefabs/Explosion.prefab
  artifactKey: Guid(031d08f52af1daa4f929b85221519426) Importer(815301076,1909f56bfc062723c751e8b465ee728b)
Start importing Assets/Standard Assets/ParticleSystems/Prefabs/Explosion.prefab using Guid(031d08f52af1daa4f929b85221519426) Importer(815301076,1909f56bfc062723c751e8b465ee728b) [PhysX] Initialized MultithreadedTaskDispatcher with 16 workers.
 -> (artifact id: 'd28084a47e50a07eee5c31b7e8b72d63') in 0.004721 seconds
Number of updated asset objects reloaded before import = 0
Number of asset objects unloaded after import = 0
========================================================================
Received Import Request.
  Time since last request: 0.000487 seconds.
  path: Assets/Standard Assets/ParticleSystems/Prefabs/Steam.prefab
  artifactKey: Guid(32aafb358d61bd14b9b27ed0871fe43b) Importer(815301076,1909f56bfc062723c751e8b465ee728b)
Start importing Assets/Standard Assets/ParticleSystems/Prefabs/Steam.prefab using Guid(32aafb358d61bd14b9b27ed0871fe43b) Importer(815301076,1909f56bfc062723c751e8b465ee728b) [PhysX] Initialized MultithreadedTaskDispatcher with 16 workers.
 -> (artifact id: '1ca72a5ff65756f2c80d45e97ca09043') in 0.003841 seconds
Number of updated asset objects reloaded before import = 0
Number of asset objects unloaded after import = 0
========================================================================
Received Import Request.
  Time since last request: 0.000482 seconds.
  path: Assets/Standard Assets/ParticleSystems/Prefabs/FireComplex.prefab
  artifactKey: Guid(bf495eacf58e31146ab012aa89ac68da) Importer(815301076,1909f56bfc062723c751e8b465ee728b)
Start importing Assets/Standard Assets/ParticleSystems/Prefabs/FireComplex.prefab using Guid(bf495eacf58e31146ab012aa89ac68da) Importer(815301076,1909f56bfc062723c751e8b465ee728b) [PhysX] Initialized MultithreadedTaskDispatcher with 16 workers.
 -> (artifact id: '1680bb7aa13799499a90ff07d40543d6') in 0.003278 seconds
Number of updated asset objects reloaded before import = 0
Number of asset objects unloaded after import = 0
========================================================================
Received Import Request.
  Time since last request: 0.000302 seconds.
  path: Assets/Standard Assets/ParticleSystems/Prefabs/TyreBurnoutSmoke.prefab
  artifactKey: Guid(98c58c8dd46640c49bb5f557afafea7c) Importer(815301076,1909f56bfc062723c751e8b465ee728b)
Start importing Assets/Standard Assets/ParticleSystems/Prefabs/TyreBurnoutSmoke.prefab using Guid(98c58c8dd46640c49bb5f557afafea7c) Importer(815301076,1909f56bfc062723c751e8b465ee728b) [PhysX] Initialized MultithreadedTaskDispatcher with 16 workers.
[PhysX] Initialized MultithreadedTaskDispatcher with 16 workers.
 -> (artifact id: '615daef2c50c62a3c61924a98cb610fd') in 2.409893 seconds
Number of updated asset objects reloaded before import = 0
Number of asset objects unloaded after import = 8
========================================================================
Received Import Request.
  Time since last request: 0.000065 seconds.
  path: Assets/Standard Assets/ParticleSystems/Prefabs/WildFire.prefab
  artifactKey: Guid(2c32987c2bc01844a94adfb917dd677d) Importer(815301076,1909f56bfc062723c751e8b465ee728b)
Start importing Assets/Standard Assets/ParticleSystems/Prefabs/WildFire.prefab using Guid(2c32987c2bc01844a94adfb917dd677d) Importer(815301076,1909f56bfc062723c751e8b465ee728b) [PhysX] Initialized MultithreadedTaskDispatcher with 16 workers.
 -> (artifact id: 'a188311f97f96f5dc518100f234d4e46') in 0.002821 seconds
Number of updated asset objects reloaded before import = 0
Number of asset objects unloaded after import = 0
========================================================================
Received Import Request.
  Time since last request: 0.000642 seconds.
  path: Assets/Standard Assets/ParticleSystems/Prefabs/ExplosionMobile.prefab
  artifactKey: Guid(645413a00f7bd0242bbd6d0e5eb6f439) Importer(815301076,1909f56bfc062723c751e8b465ee728b)
Start importing Assets/Standard Assets/ParticleSystems/Prefabs/ExplosionMobile.prefab using Guid(645413a00f7bd0242bbd6d0e5eb6f439) Importer(815301076,1909f56bfc062723c751e8b465ee728b) [PhysX] Initialized MultithreadedTaskDispatcher with 16 workers.
 -> (artifact id: '12c6309e1034b5713e8ea7eb3ea3162d') in 0.003015 seconds
Number of updated asset objects reloaded before import = 0
Number of asset objects unloaded after import = 0
========================================================================
Received Import Request.
  Time since last request: 0.000194 seconds.
  path: Assets/Standard Assets/ParticleSystems/Prefabs/Flare.prefab
  artifactKey: Guid(0438351a6e6422d43a09930e9be00ee9) Importer(815301076,1909f56bfc062723c751e8b465ee728b)
Start importing Assets/Standard Assets/ParticleSystems/Prefabs/Flare.prefab using Guid(0438351a6e6422d43a09930e9be00ee9) Importer(815301076,1909f56bfc062723c751e8b465ee728b) [PhysX] Initialized MultithreadedTaskDispatcher with 16 workers.
[PhysX] Initialized MultithreadedTaskDispatcher with 16 workers.
 -> (artifact id: '77506c132a9b5dcaad9e214431a7cfd1') in 0.333345 seconds
Number of updated asset objects reloaded before import = 0
Number of asset objects unloaded after import = 20
========================================================================
Received Import Request.
  Time since last request: 0.000113 seconds.
  path: Assets/Standard Assets/ParticleSystems/Prefabs/FireMobile.prefab
  artifactKey: Guid(b99a0a5998b2736429fd2a2fd1d01c5e) Importer(815301076,1909f56bfc062723c751e8b465ee728b)
Start importing Assets/Standard Assets/ParticleSystems/Prefabs/FireMobile.prefab using Guid(b99a0a5998b2736429fd2a2fd1d01c5e) Importer(815301076,1909f56bfc062723c751e8b465ee728b) [PhysX] Initialized MultithreadedTaskDispatcher with 16 workers.
 -> (artifact id: '18e5065c204b8f7d1ee347594a371ded') in 0.003291 seconds
Number of updated asset objects reloaded before import = 0
Number of asset objects unloaded after import = 0
========================================================================
Received Import Request.
  Time since last request: 0.000399 seconds.
  path: Assets/Standard Assets/ParticleSystems/Prefabs/Hose.prefab
  artifactKey: Guid(fae5d333f43a55744ab0c44fecefdcae) Importer(815301076,1909f56bfc062723c751e8b465ee728b)
Start importing Assets/Standard Assets/ParticleSystems/Prefabs/Hose.prefab using Guid(fae5d333f43a55744ab0c44fecefdcae) Importer(815301076,1909f56bfc062723c751e8b465ee728b) [PhysX] Initialized MultithreadedTaskDispatcher with 16 workers.
 -> (artifact id: 'ed560e0c5d7c27ee7fcc16f0429fc5d3') in 0.002291 seconds
Number of updated asset objects reloaded before import = 0
Number of asset objects unloaded after import = 0
========================================================================
Received Import Request.
  Time since last request: 0.000599 seconds.
  path: Assets/Standard Assets/ParticleSystems/Prefabs/SteamMobile.prefab
  artifactKey: Guid(b6fecef6c92b67147b638a07ef91195b) Importer(815301076,1909f56bfc062723c751e8b465ee728b)
Start importing Assets/Standard Assets/ParticleSystems/Prefabs/SteamMobile.prefab using Guid(b6fecef6c92b67147b638a07ef91195b) Importer(815301076,1909f56bfc062723c751e8b465ee728b) [PhysX] Initialized MultithreadedTaskDispatcher with 16 workers.
 -> (artifact id: '0feab736b914428b9405a4428f895ca3') in 0.002587 seconds
Number of updated asset objects reloaded before import = 0
Number of asset objects unloaded after import = 0
========================================================================
Received Import Request.
  Time since last request: 21.533317 seconds.
  path: Assets/Standard Assets/ParticleSystems/Materials/ParticleDuststorm.mat
  artifactKey: Guid(7911795df27dd464190eed77dda90191) Importer(815301076,1909f56bfc062723c751e8b465ee728b)
Start importing Assets/Standard Assets/ParticleSystems/Materials/ParticleDuststorm.mat using Guid(7911795df27dd464190eed77dda90191) Importer(815301076,1909f56bfc062723c751e8b465ee728b) [PhysX] Initialized MultithreadedTaskDispatcher with 16 workers.
[PhysX] Initialized MultithreadedTaskDispatcher with 16 workers.
 -> (artifact id: '4a78390fc51f13c092f71a7bfae9af1a') in 3.144395 seconds
Number of updated asset objects reloaded before import = 0
Number of asset objects unloaded after import = 2
Editor requested this worker to shutdown with reason: Scaling down because of idle timeout
TcpMessagingSession - receive error: operation aborted. errorcode: 995, details: Ω∫∑πµÂ ¡æ∑· ∂«¥¬ ¿¿øÎ «¡∑Œ±◊∑• ø‰√ª ∂ßπÆø° I/O ¿€æ˜¿Ã √Îº“µ«æ˙Ω¿¥œ¥Ÿ.
AssetImportWorker is now disconnected from the server
Process exiting
Exiting without the bug reporter. Application will terminate with return code 0